0 info it worked if it ends with ok
1 verbose cli [ '/usr/bin/nodejs', '/usr/bin/npm', 'install', '-g', 'plugman' ]
2 info using npm@1.3.10
3 info using node@v0.10.25
4 verbose cache add [ 'plugman', null ]
5 verbose cache add name=undefined spec="plugman" args=["plugman",null]
6 verbose parsed url { protocol: null,
6 verbose parsed url   slashes: null,
6 verbose parsed url   auth: null,
6 verbose parsed url   host: null,
6 verbose parsed url   port: null,
6 verbose parsed url   hostname: null,
6 verbose parsed url   hash: null,
6 verbose parsed url   search: null,
6 verbose parsed url   query: null,
6 verbose parsed url   pathname: 'plugman',
6 verbose parsed url   path: 'plugman',
6 verbose parsed url   href: 'plugman' }
7 silly lockFile 3c17847d-plugman plugman
8 verbose lock plugman /home/fitorec/.npm/3c17847d-plugman.lock
9 silly lockFile 3c17847d-plugman plugman
10 silly lockFile 3c17847d-plugman plugman
11 verbose addNamed [ 'plugman', '' ]
12 verbose addNamed [ null, '*' ]
13 silly lockFile 9ad59204-plugman plugman@
14 verbose lock plugman@ /home/fitorec/.npm/9ad59204-plugman.lock
15 silly addNameRange { name: 'plugman', range: '*', hasData: false }
16 verbose url raw plugman
17 verbose url resolving [ 'https://registry.npmjs.org/', './plugman' ]
18 verbose url resolved https://registry.npmjs.org/plugman
19 info trying registry request attempt 1 at 12:35:11
20 http GET https://registry.npmjs.org/plugman
21 http 200 https://registry.npmjs.org/plugman
22 silly registry.get cb [ 200,
22 silly registry.get   { server: 'CouchDB/1.5.0 (Erlang OTP/R16B03)',
22 silly registry.get     etag: '"46SZ9YOUA849QCJDIH6KX1QG5"',
22 silly registry.get     'content-type': 'application/json',
22 silly registry.get     'cache-control': 'max-age=60',
22 silly registry.get     'content-length': '153811',
22 silly registry.get     'accept-ranges': 'bytes',
22 silly registry.get     date: 'Fri, 27 Nov 2015 18:35:13 GMT',
22 silly registry.get     via: '1.1 varnish',
22 silly registry.get     age: '0',
22 silly registry.get     connection: 'keep-alive',
22 silly registry.get     'x-served-by': 'cache-dfw1826-DFW',
22 silly registry.get     'x-cache': 'MISS',
22 silly registry.get     'x-cache-hits': '0',
22 silly registry.get     'x-timer': 'S1448649313.497815,VS0,VE65',
22 silly registry.get     vary: 'Accept' } ]
23 silly addNameRange number 2 { name: 'plugman', range: '*', hasData: true }
24 silly addNameRange versions [ 'plugman',
24 silly addNameRange   [ '0.5.6',
24 silly addNameRange     '0.5.7',
24 silly addNameRange     '0.5.8',
24 silly addNameRange     '0.5.9',
24 silly addNameRange     '0.6.0',
24 silly addNameRange     '0.6.1',
24 silly addNameRange     '0.6.2',
24 silly addNameRange     '0.6.3',
24 silly addNameRange     '0.7.0',
24 silly addNameRange     '0.7.1',
24 silly addNameRange     '0.7.2',
24 silly addNameRange     '0.7.3',
24 silly addNameRange     '0.7.4',
24 silly addNameRange     '0.7.5',
24 silly addNameRange     '0.7.6',
24 silly addNameRange     '0.7.7',
24 silly addNameRange     '0.7.8',
24 silly addNameRange     '0.7.9',
24 silly addNameRange     '0.7.10',
24 silly addNameRange     '0.7.11',
24 silly addNameRange     '0.7.12',
24 silly addNameRange     '0.7.13',
24 silly addNameRange     '0.7.14',
24 silly addNameRange     '0.8.0',
24 silly addNameRange     '0.8.1',
24 silly addNameRange     '0.8.2',
24 silly addNameRange     '0.9.0',
24 silly addNameRange     '0.9.1',
24 silly addNameRange     '0.9.2',
24 silly addNameRange     '0.9.3',
24 silly addNameRange     '0.9.4',
24 silly addNameRange     '0.9.5',
24 silly addNameRange     '0.9.6',
24 silly addNameRange     '0.9.7',
24 silly addNameRange     '0.9.8',
24 silly addNameRange     '0.9.9',
24 silly addNameRange     '0.9.10',
24 silly addNameRange     '0.9.11',
24 silly addNameRange     '0.9.20',
24 silly addNameRange     '0.9.21',
24 silly addNameRange     '0.9.22',
24 silly addNameRange     '0.9.23',
24 silly addNameRange     '0.10.0',
24 silly addNameRange     '0.10.1',
24 silly addNameRange     '0.11.0',
24 silly addNameRange     '0.12.0',
24 silly addNameRange     '0.13.0',
24 silly addNameRange     '0.14.0',
24 silly addNameRange     '0.15.0',
24 silly addNameRange     '0.16.0',
24 silly addNameRange     '0.17.0',
24 silly addNameRange     '0.18.0',
24 silly addNameRange     '0.19.0',
24 silly addNameRange     '0.20.0',
24 silly addNameRange     '0.20.1',
24 silly addNameRange     '0.20.2',
24 silly addNameRange     '0.21.0',
24 silly addNameRange     '0.22.0',
24 silly addNameRange     '0.22.1',
24 silly addNameRange     '0.22.2',
24 silly addNameRange     '0.22.4',
24 silly addNameRange     '0.22.5',
24 silly addNameRange     '0.22.6',
24 silly addNameRange     '0.22.7',
24 silly addNameRange     '0.22.8',
24 silly addNameRange     '0.22.9',
24 silly addNameRange     '0.22.10',
24 silly addNameRange     '0.22.11',
24 silly addNameRange     '0.22.12',
24 silly addNameRange     '0.22.14',
24 silly addNameRange     '0.22.15',
24 silly addNameRange     '0.22.16',
24 silly addNameRange     '0.22.17',
24 silly addNameRange     '0.23.0',
24 silly addNameRange     '0.23.1',
24 silly addNameRange     '0.23.3',
24 silly addNameRange     '1.0.0',
24 silly addNameRange     '1.0.2',
24 silly addNameRange     '1.0.3',
24 silly addNameRange     '1.0.4',
24 silly addNameRange     '1.0.5' ] ]
25 verbose addNamed [ 'plugman', '1.0.5' ]
26 verbose addNamed [ '1.0.5', '1.0.5' ]
27 silly lockFile de9d05f7-plugman-1-0-5 plugman@1.0.5
28 verbose lock plugman@1.0.5 /home/fitorec/.npm/de9d05f7-plugman-1-0-5.lock
29 silly lockFile 52cbb714-js-org-plugman-plugman-1-0-5-tgz https://registry.npmjs.org/plugman/-/plugman-1.0.5.tgz
30 verbose lock https://registry.npmjs.org/plugman/-/plugman-1.0.5.tgz /home/fitorec/.npm/52cbb714-js-org-plugman-plugman-1-0-5-tgz.lock
31 verbose addRemoteTarball [ 'https://registry.npmjs.org/plugman/-/plugman-1.0.5.tgz',
31 verbose addRemoteTarball   '166211a2ed45de4f7e0174df149777c847ff0eef' ]
32 silly lockFile 52cbb714-js-org-plugman-plugman-1-0-5-tgz https://registry.npmjs.org/plugman/-/plugman-1.0.5.tgz
33 silly lockFile 52cbb714-js-org-plugman-plugman-1-0-5-tgz https://registry.npmjs.org/plugman/-/plugman-1.0.5.tgz
34 silly lockFile de9d05f7-plugman-1-0-5 plugman@1.0.5
35 silly lockFile de9d05f7-plugman-1-0-5 plugman@1.0.5
36 silly lockFile 9ad59204-plugman plugman@
37 silly lockFile 9ad59204-plugman plugman@
38 error Error: EACCES, mkdir '/home/fitorec/tmp/npm-10932-r2br8LM3'
38 error  { [Error: EACCES, mkdir '/home/fitorec/tmp/npm-10932-r2br8LM3']
38 error   errno: 3,
38 error   code: 'EACCES',
38 error   path: '/home/fitorec/tmp/npm-10932-r2br8LM3' }
39 error Please try running this command again as root/Administrator.
40 error System Linux 3.19.0-31-generic
41 error command "/usr/bin/nodejs" "/usr/bin/npm" "install" "-g" "plugman"
42 error cwd /var/www/html/ejemplo_form_jq_mobile/www
43 error node -v v0.10.25
44 error npm -v 1.3.10
45 error path /home/fitorec/tmp/npm-10932-r2br8LM3
46 error code EACCES
47 error errno 3
48 error stack Error: EACCES, mkdir '/home/fitorec/tmp/npm-10932-r2br8LM3'
49 verbose exit [ 3, true ]
